<?xml version="1.0" encoding="UTF-8"?>
<!-- Generated by org.testng.reporters.JUnitReportReporter -->
<testsuite skipped="0" hostname="DESKTOP-337E0VV" name="Loadtime.Loadtime" tests="1" failures="0" timestamp="18 May 2020 11:59:40 GMT" time="27.933" errors="0">
  <testcase name="main" time="27.933" classname="Loadtime.Loadtime"/>
</testsuite> <!-- Loadtime.Loadtime -->
