<?xml version="1.0" encoding="UTF-8"?>
<!-- Generated by org.testng.reporters.JUnitReportReporter -->
<testsuite skipped="1" hostname="DESKTOP-337E0VV" name="Loadtime.TestNg2" tests="1" failures="0" timestamp="07 May 2020 10:50:22 GMT" time="0.000" errors="0">
  <testcase name="testgooglrsearch" time="0.000" classname="Loadtime.TestNg2">
    <skipped/>
  </testcase> <!-- testgooglrsearch -->
</testsuite> <!-- Loadtime.TestNg2 -->
