<?xml version="1.0" encoding="UTF-8"?>
<!-- Generated by org.testng.reporters.JUnitReportReporter -->
<testsuite skipped="0" hostname="DESKTOP-337E0VV" name="Loadtime.Loadtime" tests="1" failures="0" timestamp="07 May 2020 10:51:48 GMT" time="2.792" errors="0">
  <testcase name="urlLogin" time="2.792" classname="Loadtime.Loadtime"/>
</testsuite> <!-- Loadtime.Loadtime -->
