<?xml version="1.0" encoding="UTF-8"?>
<!-- Generated by org.testng.reporters.JUnitReportReporter -->
<testsuite skipped="0" hostname="DESKTOP-337E0VV" name="Loadtime.TestNg" tests="1" failures="0" timestamp="06 May 2020 20:50:06 GMT" time="26.509" errors="0">
  <testcase name="testgooglrsearch" time="26.509" classname="Loadtime.TestNg"/>
</testsuite> <!-- Loadtime.TestNg -->
