<?xml version="1.0" encoding="UTF-8"?>
<!-- Generated by org.testng.reporters.JUnitReportReporter -->
<testsuite skipped="0" hostname="DESKTOP-337E0VV" name="selenium.NewTest" tests="1" failures="0" timestamp="19 Aug 2020 11:35:08 GMT" time="0.044" errors="0">
  <testcase name="seleniumTest" time="0.044" classname="selenium.NewTest"/>
</testsuite> <!-- selenium.NewTest -->
