<?xml version="1.0" encoding="UTF-8"?>
<!-- Generated by org.testng.reporters.JUnitReportReporter -->
<testsuite skipped="0" hostname="DESKTOP-337E0VV" name="selenium.NewTest" tests="1" failures="0" timestamp="13 Nov 2020 22:25:23 GMT" time="1.883" errors="0">
  <testcase name="seleniumTest" time="1.883" classname="selenium.NewTest"/>
</testsuite> <!-- selenium.NewTest -->
